<?xml version="1.0" encoding="UTF-8"?>
<testng-results ignored="0" total="1" passed="1" failed="0" skipped="0">
  <reporter-output>
  </reporter-output>
  <suite started-at="2026-03-10T22:50:18 EDT" name="Suite" finished-at="2026-03-10T22:50:18 EDT" duration-ms="61">
    <groups>
      <group name="Smoke">
        <method signature="Demotest.BikeTest()[pri:0, instance:Practice.Demotest@2d7275fc]" name="BikeTest" class="Practice.Demotest"/>
      </group> <!-- Smoke -->
    </groups>
    <test started-at="2026-03-10T22:50:18 EDT" name="Test" finished-at="2026-03-10T22:50:18 EDT" duration-ms="61">
      <class name="Practice.Demotest">
        <test-method signature="BikeTest()[pri:0, instance:Practice.Demotest@2d7275fc]" started-at="2026-03-10T22:50:18 EDT" name="BikeTest" finished-at="2026-03-10T22:50:18 EDT" duration-ms="11" status="PASS">
          <reporter-output>
          </reporter-output>
        </test-method> <!-- BikeTest -->
      </class> <!-- Practice.Demotest -->
    </test> <!-- Test -->
  </suite> <!-- Suite -->
</testng-results>
