<?xml version="1.0" encoding="UTF-8"?>
<testng-results ignored="0" total="1" passed="1" failed="0" skipped="0">
  <reporter-output>
  </reporter-output>
  <suite started-at="2026-03-15T23:05:47 EDT" name="Default suite" finished-at="2026-03-15T23:05:47 EDT" duration-ms="55">
    <groups>
      <group name="Smoke">
        <method signature="Demotest.BikeTest()[pri:0, instance:Practice.Demotest@2892d68]" name="BikeTest" class="Practice.Demotest"/>
      </group> <!-- Smoke -->
    </groups>
    <test started-at="2026-03-15T23:05:47 EDT" name="Default test" finished-at="2026-03-15T23:05:47 EDT" duration-ms="55">
      <class name="Practice.Demotest">
        <test-method signature="BikeTest()[pri:0, instance:Practice.Demotest@2892d68]" started-at="2026-03-15T23:05:47 EDT" name="BikeTest" finished-at="2026-03-15T23:05:47 EDT" duration-ms="10" status="PASS">
          <reporter-output>
          </reporter-output>
        </test-method> <!-- BikeTest -->
      </class> <!-- Practice.Demotest -->
    </test> <!-- Default test -->
  </suite> <!-- Default suite -->
</testng-results>
